0 info it worked if it ends with ok
1 verbose cli [ 'node', '/usr/local/bin/npm', 'install', '-g', 'phonegap' ]
2 info using npm@1.3.4
3 info using node@v0.10.36
4 verbose cache add [ 'phonegap', null ]
5 verbose cache add name=undefined spec="phonegap" args=["phonegap",null]
6 verbose parsed url { protocol: null,
6 verbose parsed url   slashes: null,
6 verbose parsed url   auth: null,
6 verbose parsed url   host: null,
6 verbose parsed url   port: null,
6 verbose parsed url   hostname: null,
6 verbose parsed url   hash: null,
6 verbose parsed url   search: null,
6 verbose parsed url   query: null,
6 verbose parsed url   pathname: 'phonegap',
6 verbose parsed url   path: 'phonegap',
6 verbose parsed url   href: 'phonegap' }
7 silly lockFile 10db903f-phonegap phonegap
8 verbose lock phonegap /Users/cuishuli/.npm/10db903f-phonegap.lock
9 silly lockFile 10db903f-phonegap phonegap
10 silly lockFile 10db903f-phonegap phonegap
11 verbose addNamed [ 'phonegap', '' ]
12 verbose addNamed [ null, '*' ]
13 silly lockFile 3a6257f3-phonegap phonegap@
14 verbose lock phonegap@ /Users/cuishuli/.npm/3a6257f3-phonegap.lock
15 silly addNameRange { name: 'phonegap', range: '*', hasData: false }
16 verbose url raw phonegap
17 verbose url resolving [ 'https://registry.npmjs.org/', './phonegap' ]
18 verbose url resolved https://registry.npmjs.org/phonegap
19 info trying registry request attempt 1 at 23:37:58
20 http GET https://registry.npmjs.org/phonegap
21 http 200 https://registry.npmjs.org/phonegap
22 silly registry.get cb [ 200,
22 silly registry.get   { server: 'CouchDB/1.5.0 (Erlang OTP/R16B03)',
22 silly registry.get     etag: '"AKX9453FRUH8B9TDVU9ECF1GT"',
22 silly registry.get     'content-type': 'application/json',
22 silly registry.get     'cache-control': 'max-age=60',
22 silly registry.get     'content-length': '221972',
22 silly registry.get     'accept-ranges': 'bytes',
22 silly registry.get     date: 'Sun, 05 Jul 2015 15:37:59 GMT',
22 silly registry.get     via: '1.1 varnish',
22 silly registry.get     age: '0',
22 silly registry.get     connection: 'keep-alive',
22 silly registry.get     'x-served-by': 'cache-sjc3125-SJC',
22 silly registry.get     'x-cache': 'MISS',
22 silly registry.get     'x-cache-hits': '0',
22 silly registry.get     'x-timer': 'S1436110679.894129,VS0,VE86',
22 silly registry.get     vary: 'Accept' } ]
23 silly addNameRange number 2 { name: 'phonegap', range: '*', hasData: true }
24 silly addNameRange versions [ 'phonegap',
24 silly addNameRange   [ '0.2.0',
24 silly addNameRange     '0.2.1',
24 silly addNameRange     '0.2.2',
24 silly addNameRange     '0.3.0',
24 silly addNameRange     '0.4.0',
24 silly addNameRange     '0.4.1',
24 silly addNameRange     '0.5.0',
24 silly addNameRange     '0.6.0',
24 silly addNameRange     '0.6.1',
24 silly addNameRange     '0.7.0',
24 silly addNameRange     '0.7.1',
24 silly addNameRange     '0.7.2',
24 silly addNameRange     '0.7.3',
24 silly addNameRange     '0.7.4',
24 silly addNameRange     '0.7.5',
24 silly addNameRange     '0.7.6',
24 silly addNameRange     '0.7.7',
24 silly addNameRange     '0.7.8',
24 silly addNameRange     '0.8.0',
24 silly addNameRange     '0.8.1',
24 silly addNameRange     '0.9.0',
24 silly addNameRange     '0.9.1',
24 silly addNameRange     '0.9.2',
24 silly addNameRange     '0.9.3',
24 silly addNameRange     '0.9.4',
24 silly addNameRange     '2.8.0-0.10.0',
24 silly addNameRange     '2.8.0-0.10.1',
24 silly addNameRange     '2.8.0-0.10.2',
24 silly addNameRange     '2.8.0-0.10.3',
24 silly addNameRange     '2.8.0-0.10.4',
24 silly addNameRange     '2.8.0-0.10.6',
24 silly addNameRange     '2.8.1-0.11.0',
24 silly addNameRange     '2.9.0-0.12.2',
24 silly addNameRange     '2.9.0-0.12.3',
24 silly addNameRange     '2.9.0-0.12.4',
24 silly addNameRange     '2.9.0-0.12.5',
24 silly addNameRange     '2.9.0-0.12.6',
24 silly addNameRange     '2.9.0-0.12.7',
24 silly addNameRange     '2.9.0-0.12.8',
24 silly addNameRange     '2.9.0-rc1-0.12.0',
24 silly addNameRange     '2.9.0-rc1-0.12.1',
24 silly addNameRange     '2.9.0-rc1-0.12.2',
24 silly addNameRange     '2.9.0-0.12.9',
24 silly addNameRange     '2.9.0-0.12.10',
24 silly addNameRange     '2.9.0-0.12.11',
24 silly addNameRange     '2.9.0-0.13.0',
24 silly addNameRange     '2.9.0-0.13.1',
24 silly addNameRange     '2.9.0-0.13.2',
24 silly addNameRange     '3.0.0-rc1-0.13.2',
24 silly addNameRange     '3.0.0-rc1-0.13.3',
24 silly addNameRange     '3.0.0-0.14.0',
24 silly addNameRange     '3.0.0-0.14.1',
24 silly addNameRange     '3.0.0-0.14.2',
24 silly addNameRange     '3.0.0-0.14.3',
24 silly addNameRange     '3.0.0-0.14.4',
24 silly addNameRange     '3.1.0-0.15.0',
24 silly addNameRange     '3.2.0-0.15.0',
24 silly addNameRange     '3.2.0-0.16.0',
24 silly addNameRange     '3.2.0-0.17.0',
24 silly addNameRange     '3.2.0-0.17.1',
24 silly addNameRange     '3.3.0-0.17.1',
24 silly addNameRange     '3.3.0-0.18.0',
24 silly addNameRange     '3.3.0-0.18.1',
24 silly addNameRange     '3.3.0-0.19.0',
24 silly addNameRange     '3.3.0-0.19.1',
24 silly addNameRange     '3.3.0-0.19.2',
24 silly addNameRange     '3.3.0-0.19.3',
24 silly addNameRange     '3.3.0-0.19.4',
24 silly addNameRange     '3.3.0-0.19.5',
24 silly addNameRange     '3.3.0-0.19.6',
24 silly addNameRange     '3.4.0-0.19.7',
24 silly addNameRange     '3.4.0-0.19.8',
24 silly addNameRange     '3.4.0-0.19.9',
24 silly addNameRange     '3.4.0-0.19.10',
24 silly addNameRange     '3.4.0-0.19.11',
24 silly addNameRange     '3.4.0-0.19.12',
24 silly addNameRange     '3.4.0-0.19.13',
24 silly addNameRange     '3.4.0-0.19.14',
24 silly addNameRange     '3.4.0-0.19.15',
24 silly addNameRange     '3.4.0-0.19.16',
24 silly addNameRange     '3.4.0-0.19.17',
24 silly addNameRange     '3.4.0-0.19.18',
24 silly addNameRange     '3.4.0-0.19.19',
24 silly addNameRange     '3.4.0-0.19.20',
24 silly addNameRange     '3.4.0-0.19.21',
24 silly addNameRange     '3.4.0-0.20.0',
24 silly addNameRange     '3.5.0-0.19.23',
24 silly addNameRange     '3.5.0-0.20.0',
24 silly addNameRange     '3.5.0-0.20.1',
24 silly addNameRange     '3.5.0-0.20.3',
24 silly addNameRange     '3.5.0-0.20.4',
24 silly addNameRange     '3.5.0-0.20.5',
24 silly addNameRange     '3.5.0-0.20.6',
24 silly addNameRange     '3.5.0-0.20.7',
24 silly addNameRange     '3.5.0-0.20.9',
24 silly addNameRange     '3.5.0-0.20.10',
24 silly addNameRange     '3.5.0-0.20.14',
24 silly addNameRange     '3.5.0-0.21.14',
24 silly addNameRange     '3.5.0-0.21.15',
24 silly addNameRange     '3.5.0-0.21.16',
24 silly addNameRange     '3.5.0-0.21.17',
24 silly addNameRange     '3.5.0-0.21.18',
24 silly addNameRange     '3.6.0-0.21.18',
24 silly addNameRange     '3.6.0-0.21.19',
24 silly addNameRange     '3.6.3-0.22.0',
24 silly addNameRange     '3.6.3-0.22.1',
24 silly addNameRange     '3.6.3-0.22.2',
24 silly addNameRange     '3.6.3-0.22.3',
24 silly addNameRange     '3.6.3-0.22.4',
24 silly addNameRange     '3.6.3-0.22.5',
24 silly addNameRange     '3.6.3-0.22.6',
24 silly addNameRange     '3.6.3-0.22.7',
24 silly addNameRange     '4.0.0-0.22.7',
24 silly addNameRange     '4.1.2-0.22.7',
24 silly addNameRange     '4.1.2-0.22.8',
24 silly addNameRange     '4.1.2-0.22.9',
24 silly addNameRange     '4.1.2-0.22.10',
24 silly addNameRange     '4.1.2-0.22.11',
24 silly addNameRange     '4.1.2-0.22.12',
24 silly addNameRange     '4.2.0-0.23.0',
24 silly addNameRange     '4.2.0-0.24.0',
24 silly addNameRange     '4.2.0-0.24.1',
24 silly addNameRange     '4.2.0-0.24.2',
24 silly addNameRange     '4.2.0-0.25.0',
24 silly addNameRange     '4.2.0-0.26.0',
24 silly addNameRange     '5.0.0-0.27.0',
24 silly addNameRange     '5.0.0-0.27.1',
24 silly addNameRange     '5.0.0-0.28.0',
24 silly addNameRange     '5.0.0-0.28.1',
24 silly addNameRange     '5.1.1-0.29.0' ] ]
25 verbose addNamed [ 'phonegap', '5.1.1-0.29.0' ]
26 verbose addNamed [ '5.1.1-0.29.0', '5.1.1-0.29.0' ]
27 silly lockFile 8fd10ebb-phonegap-5-1-1-0-29-0 phonegap@5.1.1-0.29.0
28 verbose lock phonegap@5.1.1-0.29.0 /Users/cuishuli/.npm/8fd10ebb-phonegap-5-1-1-0-29-0.lock
29 silly lockFile c30a6680-onegap-phonegap-5-1-1-0-29-0-tgz https://registry.npmjs.org/phonegap/-/phonegap-5.1.1-0.29.0.tgz
30 verbose lock https://registry.npmjs.org/phonegap/-/phonegap-5.1.1-0.29.0.tgz /Users/cuishuli/.npm/c30a6680-onegap-phonegap-5-1-1-0-29-0-tgz.lock
31 verbose addRemoteTarball [ 'https://registry.npmjs.org/phonegap/-/phonegap-5.1.1-0.29.0.tgz',
31 verbose addRemoteTarball   'ad080435f37ccfe06ea904e90aaf4e63a8eff9d9' ]
32 info retry fetch attempt 1 at 23:38:01
33 verbose fetch to= /var/folders/wt/p9g_wdv96g9c77588ym5cmgw0000gn/T/npm-958-OI9Z4Qh0/1436110681105-0.6227601545397192/tmp.tgz
34 http GET https://registry.npmjs.org/phonegap/-/phonegap-5.1.1-0.29.0.tgz
35 http 200 https://registry.npmjs.org/phonegap/-/phonegap-5.1.1-0.29.0.tgz
36 verbose tar unpack /var/folders/wt/p9g_wdv96g9c77588ym5cmgw0000gn/T/npm-958-OI9Z4Qh0/1436110681105-0.6227601545397192/tmp.tgz
37 silly lockFile 58a7f9c7-81105-0-6227601545397192-package tar:///var/folders/wt/p9g_wdv96g9c77588ym5cmgw0000gn/T/npm-958-OI9Z4Qh0/1436110681105-0.6227601545397192/package
38 verbose lock tar:///var/folders/wt/p9g_wdv96g9c77588ym5cmgw0000gn/T/npm-958-OI9Z4Qh0/1436110681105-0.6227601545397192/package /Users/cuishuli/.npm/58a7f9c7-81105-0-6227601545397192-package.lock
39 silly lockFile 29077102-81105-0-6227601545397192-tmp-tgz tar:///var/folders/wt/p9g_wdv96g9c77588ym5cmgw0000gn/T/npm-958-OI9Z4Qh0/1436110681105-0.6227601545397192/tmp.tgz
40 verbose lock tar:///var/folders/wt/p9g_wdv96g9c77588ym5cmgw0000gn/T/npm-958-OI9Z4Qh0/1436110681105-0.6227601545397192/tmp.tgz /Users/cuishuli/.npm/29077102-81105-0-6227601545397192-tmp-tgz.lock
41 silly gunzTarPerm modes [ '755', '644' ]
42 silly gunzTarPerm extractEntry package.json
43 silly gunzTarPerm extractEntry .npmignore
44 silly gunzTarPerm extractEntry README.md
45 silly gunzTarPerm extractEntry LICENSE
46 silly gunzTarPerm extractEntry NOTICE
47 silly gunzTarPerm extractEntry COPYRIGHT
48 silly gunzTarPerm extractEntry .bithoundrc
49 silly gunzTarPerm extractEntry .travis.yml
50 silly gunzTarPerm extractEntry bin/phonegap.js
51 silly gunzTarPerm extractEntry doc/cli/help.platform.txt
52 silly gunzTarPerm extractEntry doc/cli/help.build.txt
53 silly gunzTarPerm extractEntry doc/cli/help.cordova.txt
54 silly gunzTarPerm extractEntry doc/cli/help.create.txt
55 silly gunzTarPerm extractEntry doc/cli/help.emulate.txt
56 silly gunzTarPerm extractEntry doc/cli/help.help.txt
57 silly gunzTarPerm extractEntry doc/cli/help.info.txt
58 silly gunzTarPerm extractEntry doc/cli/help.install.txt
59 silly gunzTarPerm extractEntry doc/cli/help.local.build.txt
60 silly gunzTarPerm extractEntry doc/cli/help.local.install.txt
61 silly gunzTarPerm extractEntry doc/cli/help.local.plugin.add.txt
62 silly gunzTarPerm extractEntry doc/cli/help.local.plugin.list.txt
63 silly gunzTarPerm extractEntry doc/cli/help.local.plugin.remove.txt
64 silly gunzTarPerm extractEntry doc/cli/help.local.plugin.txt
65 silly gunzTarPerm extractEntry doc/cli/help.local.run.txt
66 silly gunzTarPerm extractEntry doc/cli/help.local.txt
67 silly gunzTarPerm extractEntry doc/cli/help.platform.add.txt
68 silly gunzTarPerm extractEntry doc/cli/help.platform.check.txt
69 silly gunzTarPerm extractEntry doc/cli/help.platform.list.txt
70 silly gunzTarPerm extractEntry doc/cli/help.platform.remove.txt
71 silly gunzTarPerm extractEntry doc/cli/help.compile.txt
72 silly gunzTarPerm extractEntry doc/cli/help.platform.update.txt
73 silly gunzTarPerm extractEntry doc/cli/help.plugin.add.txt
74 silly gunzTarPerm extractEntry doc/cli/help.plugin.list.txt
75 silly gunzTarPerm extractEntry doc/cli/help.plugin.remove.txt
76 silly gunzTarPerm extractEntry doc/cli/help.plugin.search.txt
77 silly gunzTarPerm extractEntry doc/cli/help.plugin.txt
78 silly gunzTarPerm extractEntry doc/cli/help.prepare.txt
79 silly gunzTarPerm extractEntry doc/cli/help.remote.build.txt
80 silly gunzTarPerm extractEntry doc/cli/help.remote.install.txt
81 silly gunzTarPerm extractEntry doc/cli/help.remote.login.txt
82 silly gunzTarPerm extractEntry doc/cli/help.remote.logout.txt
83 silly gunzTarPerm extractEntry doc/cli/help.remote.run.txt
84 silly gunzTarPerm extractEntry doc/cli/help.remote.txt
85 silly gunzTarPerm extractEntry doc/cli/help.run.txt
86 silly gunzTarPerm extractEntry doc/cli/help.save.txt
87 silly gunzTarPerm extractEntry doc/cli/help.serve.txt
88 silly gunzTarPerm extractEntry doc/cli/help.template.list.txt
89 silly gunzTarPerm extractEntry doc/cli/help.template.txt
90 silly gunzTarPerm extractEntry doc/cli/help.txt
91 silly gunzTarPerm extractEntry lib/cli.js
92 silly gunzTarPerm extractEntry lib/main.js
93 silly gunzTarPerm extractEntry lib/phonegap.js
94 silly gunzTarPerm extractEntry lib/cli/argv.js
95 silly gunzTarPerm extractEntry lib/cli/local.js
96 silly gunzTarPerm extractEntry lib/cli/remote.build.js
97 silly gunzTarPerm extractEntry lib/cli/remote.install.js
98 silly gunzTarPerm extractEntry lib/cli/install.js
99 silly gunzTarPerm extractEntry lib/cli/cordova.js
100 silly gunzTarPerm extractEntry lib/cli/remote.logout.js
101 silly gunzTarPerm extractEntry lib/cli/remote.run.js
102 silly gunzTarPerm extractEntry lib/cli/serve.js
103 silly gunzTarPerm extractEntry lib/cli/template.js
104 silly gunzTarPerm extractEntry lib/cli/help.js
105 silly gunzTarPerm extractEntry lib/cli/template.list.js
106 silly gunzTarPerm extractEntry lib/cli/create.js
107 silly gunzTarPerm extractEntry lib/cli/unknown.js
108 silly gunzTarPerm extractEntry lib/cli/remote.js
109 silly gunzTarPerm extractEntry lib/cli/version.js
110 silly gunzTarPerm extractEntry lib/cli/remote.login.js
111 silly gunzTarPerm extractEntry lib/cli/util/console.js
112 silly gunzTarPerm extractEntry lib/common/config.js
113 silly gunzTarPerm extractEntry lib/common/config/global.js
114 silly gunzTarPerm extractEntry lib/common/config/local.js
115 silly gunzTarPerm extractEntry lib/cordova/index.js
116 silly gunzTarPerm extractEntry lib/phonegap/cordova.js
117 silly gunzTarPerm extractEntry lib/phonegap/mode.js
118 silly gunzTarPerm extractEntry lib/phonegap/remote.build.js
119 silly gunzTarPerm extractEntry lib/phonegap/remote.install.js
120 silly gunzTarPerm extractEntry lib/phonegap/remote.login.js
121 silly gunzTarPerm extractEntry lib/phonegap/create.js
122 silly gunzTarPerm extractEntry lib/phonegap/remote.run.js
123 silly gunzTarPerm extractEntry lib/phonegap/serve.js
124 silly gunzTarPerm extractEntry lib/phonegap/template.list.js
125 silly gunzTarPerm extractEntry lib/phonegap/version.js
126 silly gunzTarPerm extractEntry lib/phonegap/remote.logout.js
127 silly gunzTarPerm extractEntry lib/phonegap/util/command.js
128 silly gunzTarPerm extractEntry lib/phonegap/util/phonegap-build.js
129 silly gunzTarPerm extractEntry lib/phonegap/util/platform.js
130 silly gunzTarPerm extractEntry lib/phonegap/util/project.js
131 silly gunzTarPerm extractEntry CONTRIBUTING.md
132 silly gunzTarPerm extractEntry spec/cli.spec.js
133 silly gunzTarPerm extractEntry spec/main.spec.js
134 silly gunzTarPerm extractEntry spec/phonegap.spec.js
135 silly gunzTarPerm extractEntry spec/cli/app.spec.js
136 silly gunzTarPerm extractEntry spec/cli/local.spec.js
137 silly gunzTarPerm extractEntry spec/cli/remote.build.spec.js
138 silly gunzTarPerm extractEntry spec/cli/remote.install.spec.js
139 silly gunzTarPerm extractEntry spec/cli/remote.login.spec.js
140 silly gunzTarPerm extractEntry spec/cli/install.spec.js
141 silly gunzTarPerm extractEntry spec/cli/remote.run.spec.js
142 silly gunzTarPerm extractEntry spec/cli/remote.spec.js
143 silly gunzTarPerm extractEntry spec/cli/serve.spec.js
144 silly gunzTarPerm extractEntry spec/cli/template.list.spec.js
145 silly gunzTarPerm extractEntry spec/cli/template.spec.js
146 silly gunzTarPerm extractEntry spec/cli/help.spec.js
147 silly gunzTarPerm extractEntry spec/cli/unknown.spec.js
148 silly gunzTarPerm extractEntry spec/cli/create.spec.js
149 silly gunzTarPerm extractEntry spec/cli/verbose.spec.js
150 silly gunzTarPerm extractEntry spec/cli/cordova.spec.js
151 silly gunzTarPerm extractEntry spec/cli/version.spec.js
152 silly gunzTarPerm extractEntry spec/cli/remote.logout.spec.js
153 silly gunzTarPerm extractEntry spec/common/config/global.spec.js
154 silly gunzTarPerm extractEntry spec/common/config/local.spec.js
155 silly gunzTarPerm extractEntry spec/cordova/index.spec.js
156 silly gunzTarPerm extractEntry spec/phonegap/app.spec.js
157 silly gunzTarPerm extractEntry spec/phonegap/create.spec.js
158 silly gunzTarPerm extractEntry spec/phonegap/mode.spec.js
159 silly gunzTarPerm extractEntry spec/phonegap/remote.build.spec.js
160 silly gunzTarPerm extractEntry spec/phonegap/remote.install.spec.js
161 silly gunzTarPerm extractEntry spec/phonegap/cordova.spec.js
162 silly gunzTarPerm extractEntry spec/phonegap/remote.logout.spec.js
163 silly gunzTarPerm extractEntry spec/phonegap/remote.run.spec.js
164 silly gunzTarPerm extractEntry spec/phonegap/serve.spec.js
165 silly gunzTarPerm extractEntry spec/phonegap/template.list.spec.js
166 silly gunzTarPerm extractEntry spec/phonegap/version.spec.js
167 silly gunzTarPerm extractEntry spec/phonegap/remote.login.spec.js
168 silly gunzTarPerm extractEntry spec/phonegap/util/platform.spec.js
169 silly gunzTarPerm extractEntry spec/phonegap/util/project.spec.js
170 silly lockFile 58a7f9c7-81105-0-6227601545397192-package tar:///var/folders/wt/p9g_wdv96g9c77588ym5cmgw0000gn/T/npm-958-OI9Z4Qh0/1436110681105-0.6227601545397192/package
171 silly lockFile 58a7f9c7-81105-0-6227601545397192-package tar:///var/folders/wt/p9g_wdv96g9c77588ym5cmgw0000gn/T/npm-958-OI9Z4Qh0/1436110681105-0.6227601545397192/package
172 silly lockFile 29077102-81105-0-6227601545397192-tmp-tgz tar:///var/folders/wt/p9g_wdv96g9c77588ym5cmgw0000gn/T/npm-958-OI9Z4Qh0/1436110681105-0.6227601545397192/tmp.tgz
173 silly lockFile 29077102-81105-0-6227601545397192-tmp-tgz tar:///var/folders/wt/p9g_wdv96g9c77588ym5cmgw0000gn/T/npm-958-OI9Z4Qh0/1436110681105-0.6227601545397192/tmp.tgz
174 verbose tar pack [ '/Users/cuishuli/.npm/phonegap/5.1.1-0.29.0/package.tgz',
174 verbose tar pack   '/var/folders/wt/p9g_wdv96g9c77588ym5cmgw0000gn/T/npm-958-OI9Z4Qh0/1436110681105-0.6227601545397192/package' ]
175 verbose tarball /Users/cuishuli/.npm/phonegap/5.1.1-0.29.0/package.tgz
176 verbose folder /var/folders/wt/p9g_wdv96g9c77588ym5cmgw0000gn/T/npm-958-OI9Z4Qh0/1436110681105-0.6227601545397192/package
177 silly lockFile 58a7f9c7-81105-0-6227601545397192-package tar:///var/folders/wt/p9g_wdv96g9c77588ym5cmgw0000gn/T/npm-958-OI9Z4Qh0/1436110681105-0.6227601545397192/package
178 verbose lock tar:///var/folders/wt/p9g_wdv96g9c77588ym5cmgw0000gn/T/npm-958-OI9Z4Qh0/1436110681105-0.6227601545397192/package /Users/cuishuli/.npm/58a7f9c7-81105-0-6227601545397192-package.lock
179 silly lockFile 307e3b24-honegap-5-1-1-0-29-0-package-tgz tar:///Users/cuishuli/.npm/phonegap/5.1.1-0.29.0/package.tgz
180 verbose lock tar:///Users/cuishuli/.npm/phonegap/5.1.1-0.29.0/package.tgz /Users/cuishuli/.npm/307e3b24-honegap-5-1-1-0-29-0-package-tgz.lock
181 silly lockFile 58a7f9c7-81105-0-6227601545397192-package tar:///var/folders/wt/p9g_wdv96g9c77588ym5cmgw0000gn/T/npm-958-OI9Z4Qh0/1436110681105-0.6227601545397192/package
182 silly lockFile 58a7f9c7-81105-0-6227601545397192-package tar:///var/folders/wt/p9g_wdv96g9c77588ym5cmgw0000gn/T/npm-958-OI9Z4Qh0/1436110681105-0.6227601545397192/package
183 silly lockFile 307e3b24-honegap-5-1-1-0-29-0-package-tgz tar:///Users/cuishuli/.npm/phonegap/5.1.1-0.29.0/package.tgz
184 silly lockFile 307e3b24-honegap-5-1-1-0-29-0-package-tgz tar:///Users/cuishuli/.npm/phonegap/5.1.1-0.29.0/package.tgz
185 silly lockFile 21577245-pm-phonegap-5-1-1-0-29-0-package /Users/cuishuli/.npm/phonegap/5.1.1-0.29.0/package
186 verbose lock /Users/cuishuli/.npm/phonegap/5.1.1-0.29.0/package /Users/cuishuli/.npm/21577245-pm-phonegap-5-1-1-0-29-0-package.lock
187 silly lockFile 21577245-pm-phonegap-5-1-1-0-29-0-package /Users/cuishuli/.npm/phonegap/5.1.1-0.29.0/package
188 silly lockFile 21577245-pm-phonegap-5-1-1-0-29-0-package /Users/cuishuli/.npm/phonegap/5.1.1-0.29.0/package
189 verbose tar unpack /Users/cuishuli/.npm/phonegap/5.1.1-0.29.0/package.tgz
190 silly lockFile 8685c9bd-pm-phonegap-5-1-1-0-29-0-package tar:///Users/cuishuli/.npm/phonegap/5.1.1-0.29.0/package
191 verbose lock tar:///Users/cuishuli/.npm/phonegap/5.1.1-0.29.0/package /Users/cuishuli/.npm/8685c9bd-pm-phonegap-5-1-1-0-29-0-package.lock
192 silly lockFile 307e3b24-honegap-5-1-1-0-29-0-package-tgz tar:///Users/cuishuli/.npm/phonegap/5.1.1-0.29.0/package.tgz
193 verbose lock tar:///Users/cuishuli/.npm/phonegap/5.1.1-0.29.0/package.tgz /Users/cuishuli/.npm/307e3b24-honegap-5-1-1-0-29-0-package-tgz.lock
194 silly gunzTarPerm modes [ '755', '644' ]
195 silly gunzTarPerm extractEntry package.json
196 silly gunzTarPerm extractEntry .npmignore
197 silly gunzTarPerm extractEntry README.md
198 silly gunzTarPerm extractEntry LICENSE
199 silly gunzTarPerm extractEntry NOTICE
200 silly gunzTarPerm extractEntry .bithoundrc
201 silly gunzTarPerm extractEntry .travis.yml
202 silly gunzTarPerm extractEntry CONTRIBUTING.md
203 silly gunzTarPerm extractEntry bin/phonegap.js
204 silly gunzTarPerm extractEntry doc/cli/help.platform.txt
205 silly gunzTarPerm extractEntry doc/cli/help.build.txt
206 silly gunzTarPerm extractEntry doc/cli/help.cordova.txt
207 silly gunzTarPerm extractEntry doc/cli/help.create.txt
208 silly gunzTarPerm extractEntry doc/cli/help.emulate.txt
209 silly gunzTarPerm extractEntry doc/cli/help.help.txt
210 silly gunzTarPerm extractEntry doc/cli/help.info.txt
211 silly gunzTarPerm extractEntry doc/cli/help.install.txt
212 silly gunzTarPerm extractEntry doc/cli/help.local.build.txt
213 silly gunzTarPerm extractEntry doc/cli/help.local.install.txt
214 silly gunzTarPerm extractEntry doc/cli/help.local.plugin.add.txt
215 silly gunzTarPerm extractEntry doc/cli/help.local.plugin.list.txt
216 silly gunzTarPerm extractEntry doc/cli/help.local.plugin.remove.txt
217 silly gunzTarPerm extractEntry doc/cli/help.local.plugin.txt
218 silly gunzTarPerm extractEntry doc/cli/help.local.run.txt
219 silly gunzTarPerm extractEntry doc/cli/help.local.txt
220 silly gunzTarPerm extractEntry doc/cli/help.platform.add.txt
221 silly gunzTarPerm extractEntry doc/cli/help.platform.check.txt
222 silly gunzTarPerm extractEntry doc/cli/help.platform.list.txt
223 silly gunzTarPerm extractEntry doc/cli/help.platform.remove.txt
224 silly gunzTarPerm extractEntry doc/cli/help.compile.txt
225 silly gunzTarPerm extractEntry doc/cli/help.platform.update.txt
226 silly gunzTarPerm extractEntry doc/cli/help.plugin.add.txt
227 silly gunzTarPerm extractEntry doc/cli/help.plugin.list.txt
228 silly gunzTarPerm extractEntry doc/cli/help.plugin.remove.txt
229 silly gunzTarPerm extractEntry doc/cli/help.plugin.search.txt
230 silly gunzTarPerm extractEntry doc/cli/help.plugin.txt
231 silly gunzTarPerm extractEntry doc/cli/help.prepare.txt
232 silly gunzTarPerm extractEntry doc/cli/help.remote.build.txt
233 silly gunzTarPerm extractEntry doc/cli/help.remote.install.txt
234 silly gunzTarPerm extractEntry doc/cli/help.remote.login.txt
235 silly gunzTarPerm extractEntry doc/cli/help.remote.logout.txt
236 silly gunzTarPerm extractEntry doc/cli/help.remote.run.txt
237 silly gunzTarPerm extractEntry doc/cli/help.remote.txt
238 silly gunzTarPerm extractEntry doc/cli/help.run.txt
239 silly gunzTarPerm extractEntry doc/cli/help.save.txt
240 silly gunzTarPerm extractEntry doc/cli/help.serve.txt
241 silly gunzTarPerm extractEntry doc/cli/help.template.list.txt
242 silly gunzTarPerm extractEntry doc/cli/help.template.txt
243 silly gunzTarPerm extractEntry doc/cli/help.txt
244 silly gunzTarPerm extractEntry lib/cli.js
245 silly gunzTarPerm extractEntry lib/main.js
246 silly gunzTarPerm extractEntry lib/phonegap.js
247 silly gunzTarPerm extractEntry lib/cli/argv.js
248 silly gunzTarPerm extractEntry lib/cli/local.js
249 silly gunzTarPerm extractEntry lib/cli/remote.build.js
250 silly gunzTarPerm extractEntry lib/cli/remote.install.js
251 silly gunzTarPerm extractEntry lib/cli/install.js
252 silly gunzTarPerm extractEntry lib/cli/cordova.js
253 silly gunzTarPerm extractEntry lib/cli/remote.logout.js
254 silly gunzTarPerm extractEntry lib/cli/remote.run.js
255 silly gunzTarPerm extractEntry lib/cli/serve.js
256 silly gunzTarPerm extractEntry lib/cli/template.js
257 silly gunzTarPerm extractEntry lib/cli/help.js
258 silly gunzTarPerm extractEntry lib/cli/template.list.js
259 silly gunzTarPerm extractEntry lib/cli/create.js
260 silly gunzTarPerm extractEntry lib/cli/unknown.js
261 silly gunzTarPerm extractEntry lib/cli/remote.js
262 silly gunzTarPerm extractEntry lib/cli/version.js
263 silly gunzTarPerm extractEntry lib/cli/remote.login.js
264 silly gunzTarPerm extractEntry lib/cli/util/console.js
265 silly gunzTarPerm extractEntry lib/common/config.js
266 silly gunzTarPerm extractEntry lib/common/config/global.js
267 silly gunzTarPerm extractEntry lib/common/config/local.js
268 silly gunzTarPerm extractEntry lib/cordova/index.js
269 silly gunzTarPerm extractEntry lib/phonegap/cordova.js
270 silly gunzTarPerm extractEntry lib/phonegap/mode.js
271 silly gunzTarPerm extractEntry lib/phonegap/remote.build.js
272 silly gunzTarPerm extractEntry lib/phonegap/remote.install.js
273 silly gunzTarPerm extractEntry lib/phonegap/remote.login.js
274 silly gunzTarPerm extractEntry lib/phonegap/create.js
275 silly gunzTarPerm extractEntry lib/phonegap/remote.run.js
276 silly gunzTarPerm extractEntry lib/phonegap/serve.js
277 silly gunzTarPerm extractEntry lib/phonegap/template.list.js
278 silly gunzTarPerm extractEntry lib/phonegap/version.js
279 silly gunzTarPerm extractEntry lib/phonegap/remote.logout.js
280 silly gunzTarPerm extractEntry lib/phonegap/util/command.js
281 silly gunzTarPerm extractEntry lib/phonegap/util/phonegap-build.js
282 silly gunzTarPerm extractEntry lib/phonegap/util/platform.js
283 silly gunzTarPerm extractEntry lib/phonegap/util/project.js
284 silly gunzTarPerm extractEntry COPYRIGHT
285 silly gunzTarPerm extractEntry spec/cli.spec.js
286 silly gunzTarPerm extractEntry spec/main.spec.js
287 silly gunzTarPerm extractEntry spec/phonegap.spec.js
288 silly gunzTarPerm extractEntry spec/cli/app.spec.js
289 silly gunzTarPerm extractEntry spec/cli/local.spec.js
290 silly gunzTarPerm extractEntry spec/cli/remote.build.spec.js
291 silly gunzTarPerm extractEntry spec/cli/remote.install.spec.js
292 silly gunzTarPerm extractEntry spec/cli/remote.login.spec.js
293 silly gunzTarPerm extractEntry spec/cli/install.spec.js
294 silly gunzTarPerm extractEntry spec/cli/remote.run.spec.js
295 silly gunzTarPerm extractEntry spec/cli/remote.spec.js
296 silly gunzTarPerm extractEntry spec/cli/serve.spec.js
297 silly gunzTarPerm extractEntry spec/cli/template.list.spec.js
298 silly gunzTarPerm extractEntry spec/cli/template.spec.js
299 silly gunzTarPerm extractEntry spec/cli/help.spec.js
300 silly gunzTarPerm extractEntry spec/cli/unknown.spec.js
301 silly gunzTarPerm extractEntry spec/cli/create.spec.js
302 silly gunzTarPerm extractEntry spec/cli/verbose.spec.js
303 silly gunzTarPerm extractEntry spec/cli/cordova.spec.js
304 silly gunzTarPerm extractEntry spec/cli/version.spec.js
305 silly gunzTarPerm extractEntry spec/cli/remote.logout.spec.js
306 silly gunzTarPerm extractEntry spec/common/config/global.spec.js
307 silly gunzTarPerm extractEntry spec/common/config/local.spec.js
308 silly gunzTarPerm extractEntry spec/cordova/index.spec.js
309 silly gunzTarPerm extractEntry spec/phonegap/app.spec.js
310 silly gunzTarPerm extractEntry spec/phonegap/create.spec.js
311 silly gunzTarPerm extractEntry spec/phonegap/mode.spec.js
312 silly gunzTarPerm extractEntry spec/phonegap/remote.build.spec.js
313 silly gunzTarPerm extractEntry spec/phonegap/remote.install.spec.js
314 silly gunzTarPerm extractEntry spec/phonegap/cordova.spec.js
315 silly gunzTarPerm extractEntry spec/phonegap/remote.logout.spec.js
316 silly gunzTarPerm extractEntry spec/phonegap/remote.run.spec.js
317 silly gunzTarPerm extractEntry spec/phonegap/serve.spec.js
318 silly gunzTarPerm extractEntry spec/phonegap/template.list.spec.js
319 silly gunzTarPerm extractEntry spec/phonegap/version.spec.js
320 silly gunzTarPerm extractEntry spec/phonegap/remote.login.spec.js
321 silly gunzTarPerm extractEntry spec/phonegap/util/platform.spec.js
322 silly gunzTarPerm extractEntry spec/phonegap/util/project.spec.js
323 silly lockFile 8685c9bd-pm-phonegap-5-1-1-0-29-0-package tar:///Users/cuishuli/.npm/phonegap/5.1.1-0.29.0/package
324 silly lockFile 8685c9bd-pm-phonegap-5-1-1-0-29-0-package tar:///Users/cuishuli/.npm/phonegap/5.1.1-0.29.0/package
325 silly lockFile 307e3b24-honegap-5-1-1-0-29-0-package-tgz tar:///Users/cuishuli/.npm/phonegap/5.1.1-0.29.0/package.tgz
326 silly lockFile 307e3b24-honegap-5-1-1-0-29-0-package-tgz tar:///Users/cuishuli/.npm/phonegap/5.1.1-0.29.0/package.tgz
327 verbose chmod /Users/cuishuli/.npm/phonegap/5.1.1-0.29.0/package.tgz 644
328 verbose chown /Users/cuishuli/.npm/phonegap/5.1.1-0.29.0/package.tgz [ 501, 20 ]
329 silly lockFile c30a6680-onegap-phonegap-5-1-1-0-29-0-tgz https://registry.npmjs.org/phonegap/-/phonegap-5.1.1-0.29.0.tgz
330 silly lockFile c30a6680-onegap-phonegap-5-1-1-0-29-0-tgz https://registry.npmjs.org/phonegap/-/phonegap-5.1.1-0.29.0.tgz
331 silly lockFile 8fd10ebb-phonegap-5-1-1-0-29-0 phonegap@5.1.1-0.29.0
332 silly lockFile 8fd10ebb-phonegap-5-1-1-0-29-0 phonegap@5.1.1-0.29.0
333 silly lockFile 3a6257f3-phonegap phonegap@
334 silly lockFile 3a6257f3-phonegap phonegap@
335 silly resolved [ { name: 'phonegap',
335 silly resolved     description: 'PhoneGap command-line interface and node.js library.',
335 silly resolved     version: '5.1.1-0.29.0',
335 silly resolved     homepage: 'http://github.com/phonegap/phonegap-cli',
335 silly resolved     repository:
335 silly resolved      { type: 'git',
335 silly resolved        url: 'git://github.com/phonegap/phonegap-cli.git' },
335 silly resolved     keywords:
335 silly resolved      [ 'cli',
335 silly resolved        'cordova',
335 silly resolved        'phonegap',
335 silly resolved        'phonegap build',
335 silly resolved        'phonegap/build' ],
335 silly resolved     preferGlobal: 'true',
335 silly resolved     main: './lib/main.js',
335 silly resolved     bin: { phonegap: './bin/phonegap.js' },
335 silly resolved     scripts: { test: 'node node_modules/jasmine-node/bin/jasmine-node --color spec' },
335 silly resolved     engineStrict: 'true',
335 silly resolved     engines: { node: '>=0.10.0' },
335 silly resolved     dependencies:
335 silly resolved      { colors: '0.6.0-1',
335 silly resolved        'connect-phonegap': '0.16.1',
335 silly resolved        cordova: '5.1.1',
335 silly resolved        minimist: '0.1.0',
335 silly resolved        'phonegap-build': '0.9.1',
335 silly resolved        pluralize: '0.0.4',
335 silly resolved        prompt: '0.2.11',
335 silly resolved        'qrcode-terminal': '0.9.4',
335 silly resolved        semver: '1.1.0',
335 silly resolved        shelljs: '0.1.4' },
335 silly resolved     devDependencies: { 'jasmine-node': '1.14.5', chdir: '0.0.x' },
335 silly resolved     optionalDependencies: {},
335 silly resolved     contributors: [ [Object], [Object], [Object], [Object], [Object] ],
335 silly resolved     templates:
335 silly resolved      { blank: [Object],
335 silly resolved        'hello-world': [Object],
335 silly resolved        'hello-cordova': [Object],
335 silly resolved        'jquery-mobile-starter': [Object] },
335 silly resolved     readme: '# PhoneGap CLI [![Build Status][travis-ci-img]][travis-ci-url] [![bitHound Score][bithound-img]][bithound-url]\n\n> PhoneGap command-line interface and Node.js library.\n\n## Command-line\n\n### Requirements\n\n- [Install node.js](http://nodejs.org/) version `>=0.10.x`\n- [Install ios-sim](https://github.com/phonegap/ios-sim#installation) to deploy apps to the iOS simulator.\n\n### Install\n\n    $ npm install -g phonegap\n\n### Getting Started\n\n    $ phonegap create my-app    # create a PhoneGap project\n    $ cd my-app                 # change to project directory\n    $ phonegap run ios          # build and install the app to iOS\n\n### Usage\n\n    Usage: phonegap [options] [commands]\n\n    Description:\n\n      PhoneGap command-line tool.\n\n    Commands:\n\n      create <path>        create a phonegap project\n      build <platform>     build the project for specific platform\n      install <platform>   install the project on a specific platform\n      run <platform>       build and install the projectfor specific platform\n      serve                serve a phonegap project\n      local [command]      development on local system\n      remote [command]     development in cloud with phonegap/build\n      platform [command]   update a platform version\n      help [command]       output usage information\n      version              output version number\n\n    Options:\n\n      -d, --verbose        allow verbose output\n      -v, --version        output version number\n      -h, --help           output usage information\n\n    Platforms:\n\n      keyword            | local environment | remote environment\n      -------------------|-------------------|-------------------\n      android            | ✔                 | ✔\n      blackberry10       | ✔                 | ✖\n      ios                | ✔                 | ✔\n      wp8                | ✔                 | ✔\n\n\n    Examples:\n\n      $ phonegap help create\n      $ phonegap help remote build\n      $ phonegap create path/to/my-app\n      $ phonegap remote build android\n\n#### Local Usage\n\n    Usage: phonegap local [command]\n\n    Description:\n\n      Executes the command on the local system.\n\n      This requires that platform SDK is correctly installed.\n\n    Commands:\n\n      build <platform>     build a specific platform\n      install <platform>   install a specific platform\n      run <platform>       build and install a specific platform\n      plugin <command>     add, remove, and list plugins\n\n    Examples:\n\n      $ phonegap local build android\n      $ phonegap local run android\n      $ phonegap local plugin list\n\n#### Remote Usage\n\n    Usage: phonegap remote [command]\n\n    Description:\n\n      Executes the command remotely using the cloud-based PhoneGap/Build service.\n\n    Commands:\n\n      login                login to PhoneGap/Build\n      logout               logout of PhoneGap/Build\n      build <platform>     build a specific platform\n      install <platform>   install a specific platform\n      run <platform>       build and install a specific platform\n\n    Examples:\n\n      $ phonegap remote login\n      $ phonegap remote build android\n      $ phonegap remote run android\n\n## Node Library\n\n### Usage\n\n    var phonegap = require(\'phonegap\');\n\n## App Templates\n\nTemplates allow you to create a new app from an existing app template. The\nnice part about templates is that they are simply a Cordova-compatible app.\nAny existing app can be a template.\n\nYou can list the available templates with:\n\n    $ phonegap template list\n\nYou can create a new project from a template with:\n\n    $ phonegap create my-app --template hello-world\n\n### Adding a New Template\n\nAdding a new template is easy.\n\n1. Add your template to the [package.json template section][package-template].\n\n        // the key is your template name (e.g. hello-world)\n        // the url is a HTTP URL to a .tar.gz.\n        {\n          "templates": {\n            "hello-world": {\n              "description": "Default hello world app for PhoneGap.",\n              "url": "https://github.com/phonegap/phonegap-app-hello-world/archive/master.tar.gz"\n            }\n          }\n        }\n\n1. Send us a pull request!\n\n## FAQ\n\n### phonegap: command not found\n\n#### Problem\n\nThe PhoneGap CLI installs successfully but you do not have a command `phonegap`.\n\n#### Reason\n\nDepending on how `node` and `npm` were installed, your globally installed npm\nmodules may not be in your `PATH`.\n\n#### Solution\n\nAt the bottom of your `npm install -g phonegap` installation log, you will see the following:\n\n    ...\n    /usr/local/share/npm/bin/phonegap -> /usr/local/share/npm/lib/node_modules/phonegap/bin/phonegap.js\n    ...\n\n_(Your path may be slightly different)_\n\nOpen `~/.profile` or `~/.bashrc`, depending on what exists on your system, and add following line:\n\n    export PATH=$PATH:/usr/local/share/npm/bin\n\nOpen a new terminal tab or type the following command:\n\n    $ source ~/.profile\n    or\n    $ source ~/.bashrc\n\nThe command `phonegap` should now be available to you.\n\n### The provided path is not an Android project\n\n#### Problem\n\nYou receive the following error message when building an Android project:\n\n    throw new Error(\'The provided path "\' + project + \'" is not an Android\n\n#### Reason\n\nThe first time that you build for a platform, the framework is downloaded from Apache Cordova.\n\nThe framework is stored locally in your home directory, such as `~/.cordova/lib`.\n\nSometimes the framework is corrupted during the download. It can exist for two\nknow reasons:\n\n1. Your Android SDK environment is not properly configured.\n1. Unknown issue related to Apache\'s servers or the untar operation.\n\n#### Solution\n\nFirst, you must properly configure your Android environment by following\nthe [platform setup guide](http://docs.phonegap.com/en/3.0.0/guide_platforms_android_index.md.html).\n\nNext, you must delete the cached Cordova Android framework (`x.x.x` is your version):\n\n    ~/.cordova/lib/android/cordova/x.x.x\n\nNext, you can try to rebuild the project. Enabling verbose mode is sometimes helpful:\n\n    $ phonegap build android --verbose\n\n## Upgrading Cordova\n\nThere are a few steps that should be taken when upgrading to a new version of the\n[cordova-cli](http://github.com/apache/cordova-cli).\n\n1. Update the `package.json` dependencies version for `cordova`.\n\n        {\n          "dependencies": {\n            "cordova": "3.1.0"\n          }\n        }\n\n1. Update the `package.json` version.\n\n        {\n          "version": "3.1.0-0.15.0"\n        }\n\n1. Run the tests.\n\n        $ npm test\n\n1. Commit stating the version increment.\n\n        $ git commit -am "Version 3.1.0-0.15.0"\n\n1. Tag the version commit.\n\n        $ git tag 3.1.0-0.15.0\n\n1. Update the [PhoneGap Hello World App](https://github.com/phonegap/phonegap-app-hello-world) to match the new version.\n  - See [Update instructions](https://github.com/phonegap/phonegap-app-hello-world#updating-the-application).\n  - In the above example, we would update the app to `3.1.0`.\n1. Manually test that the latest Hello World app is lazy-loaded.\n\n        # Link the phonegap-cli for easier development (only need to do once).\n\n        $ cd phonegap-cli/\n        $ [sudo] npm link .\n\n        # Manually test and verify hello world app is lazy-loaded.\n\n        $ phonegap create my-app\n        [phonegap] missing library phonegap/www/3.1.0\n        [phonegap] downloading https://github.com/phonegap/phonegap-app-hello-world/archive/3.1.0.tar.gz...\n        [phonegap] created project at /Users/mwbrooks/Development/sandbox/my-app\n\n        $ cd my-app/\n        $ phonegap run ios\n\n1. Push the git commit after the Hello World has been updated.\n\n        $ git push phonegap master\n\n1. Publish the npm release.\n\n        $ npm publish\n\n[travis-ci-img]: https://travis-ci.org/phonegap/phonegap-cli.svg?branch=master\n[travis-ci-url]: http://travis-ci.org/phonegap/phonegap-cli\n[package-template]: https://github.com/phonegap/phonegap-cli/blob/035057713c613cc0488e4b0beb5b72c4c820d54a/package.json#L67-L76\n[bithound-img]: https://www.bithound.io/github/phonegap/phonegap-cli/badges/score.svg\n[bithound-url]: https://www.bithound.io/github/phonegap/phonegap-cli\n\n',
335 silly resolved     readmeFilename: 'README.md',
335 silly resolved     bugs: { url: 'https://github.com/phonegap/phonegap-cli/issues' },
335 silly resolved     _id: 'phonegap@5.1.1-0.29.0',
335 silly resolved     dist: { shasum: 'fd6628b37a4309070162373f990d38a8e34a43ed' },
335 silly resolved     _from: 'phonegap@',
335 silly resolved     _resolved: 'https://registry.npmjs.org/phonegap/-/phonegap-5.1.1-0.29.0.tgz' } ]
336 info install phonegap@5.1.1-0.29.0 into /usr/local/lib
337 info installOne phonegap@5.1.1-0.29.0
338 info /usr/local/lib/node_modules/phonegap unbuild
339 verbose tar unpack /Users/cuishuli/.npm/phonegap/5.1.1-0.29.0/package.tgz
340 silly lockFile f38db7ac--local-lib-node-modules-phonegap tar:///usr/local/lib/node_modules/phonegap
341 verbose lock tar:///usr/local/lib/node_modules/phonegap /Users/cuishuli/.npm/f38db7ac--local-lib-node-modules-phonegap.lock
342 silly lockFile 307e3b24-honegap-5-1-1-0-29-0-package-tgz tar:///Users/cuishuli/.npm/phonegap/5.1.1-0.29.0/package.tgz
343 verbose lock tar:///Users/cuishuli/.npm/phonegap/5.1.1-0.29.0/package.tgz /Users/cuishuli/.npm/307e3b24-honegap-5-1-1-0-29-0-package-tgz.lock
344 silly gunzTarPerm modes [ '755', '644' ]
345 error Error: EACCES, mkdir '/usr/local/lib/node_modules/phonegap'
345 error  { [Error: EACCES, mkdir '/usr/local/lib/node_modules/phonegap']
345 error   errno: 3,
345 error   code: 'EACCES',
345 error   path: '/usr/local/lib/node_modules/phonegap',
345 error   fstream_type: 'Directory',
345 error   fstream_path: '/usr/local/lib/node_modules/phonegap',
345 error   fstream_class: 'DirWriter',
345 error   fstream_stack:
345 error    [ '/usr/local/lib/node_modules/npm/node_modules/fstream/lib/dir-writer.js:36:23',
345 error      '/usr/local/lib/node_modules/npm/node_modules/mkdirp/index.js:37:53',
345 error      'Object.oncomplete (fs.js:108:15)' ] }
346 error Please try running this command again as root/Administrator.
347 error System Darwin 14.3.0
348 error command "node" "/usr/local/bin/npm" "install" "-g" "phonegap"
349 error cwd /Users/cuishuli/Documents/data/github/ionic/myApp
350 error node -v v0.10.36
351 error npm -v 1.3.4
352 error path /usr/local/lib/node_modules/phonegap
353 error fstream_path /usr/local/lib/node_modules/phonegap
354 error fstream_type Directory
355 error fstream_class DirWriter
356 error code EACCES
357 error errno 3
358 error stack Error: EACCES, mkdir '/usr/local/lib/node_modules/phonegap'
359 error fstream_stack /usr/local/lib/node_modules/npm/node_modules/fstream/lib/dir-writer.js:36:23
359 error fstream_stack /usr/local/lib/node_modules/npm/node_modules/mkdirp/index.js:37:53
359 error fstream_stack Object.oncomplete (fs.js:108:15)
360 verbose exit [ 3, true ]
